nohup: ignoring input
  ____________       _____________
 ____    |__( )_________  __/__  /________      __
____  /| |_  /__  ___/_  /_ __  /_  __ \_ | /| / /
___  ___ |  / _  /   _  __/ _  / / /_/ /_ |/ |/ /
 _/_/  |_/_/  /_/    /_/    /_/  \____/____/|__/
[2022-10-12 10:04:38 +0800] [389322] [INFO] Starting gunicorn 20.1.0
[[34m2022-10-12 10:04:38,613[0m] {[34mscheduler_job.py:[0m701} INFO[0m - Starting the scheduler[0m
[[34m2022-10-12 10:04:38,614[0m] {[34mscheduler_job.py:[0m706} INFO[0m - Processing each file at most -1 times[0m
[2022-10-12 10:04:38 +0800] [389322] [ERROR] Connection in use: ('::', 8793)
[2022-10-12 10:04:38 +0800] [389322] [ERROR] Retrying in 1 second.
[[34m2022-10-12 10:04:38,617[0m] {[34mexecutor_loader.py:[0m107} INFO[0m - Loaded executor: LocalExecutor[0m
[[34m2022-10-12 10:04:38,670[0m] {[34mmanager.py:[0m163} INFO[0m - Launched DagFileProcessorManager with pid: 389462[0m
[[34m2022-10-12 10:04:38,670[0m] {[34mscheduler_job.py:[0m1369} INFO[0m - Resetting orphaned tasks for active dag runs[0m
[[34m2022-10-12 10:04:38,672[0m] {[34msettings.py:[0m58} INFO[0m - Configured default timezone Timezone('UTC')[0m
[[34m2022-10-12 10:04:38,685[0m] {[34mscheduler_job.py:[0m1392} INFO[0m - Marked 1 SchedulerJob instances as failed[0m
[2022-10-12 10:04:39 +0800] [389322] [ERROR] Connection in use: ('::', 8793)
[2022-10-12 10:04:39 +0800] [389322] [ERROR] Retrying in 1 second.
[2022-10-12 10:04:40 +0800] [389322] [ERROR] Connection in use: ('::', 8793)
[2022-10-12 10:04:40 +0800] [389322] [ERROR] Retrying in 1 second.
[2022-10-12 10:04:41 +0800] [389322] [ERROR] Connection in use: ('::', 8793)
[2022-10-12 10:04:41 +0800] [389322] [ERROR] Retrying in 1 second.
[2022-10-12 10:04:42 +0800] [389322] [ERROR] Connection in use: ('::', 8793)
[2022-10-12 10:04:42 +0800] [389322] [ERROR] Retrying in 1 second.
[2022-10-12 10:04:43 +0800] [389322] [ERROR] Can't connect to ('::', 8793)
[[34m2022-10-12 10:09:38,720[0m] {[34mscheduler_job.py:[0m1369} INFO[0m - Resetting orphaned tasks for active dag runs[0m
[[34m2022-10-12 10:14:38,745[0m] {[34mscheduler_job.py:[0m1369} INFO[0m - Resetting orphaned tasks for active dag runs[0m
[[34m2022-10-12 10:19:38,774[0m] {[34mscheduler_job.py:[0m1369} INFO[0m - Resetting orphaned tasks for active dag runs[0m
[[34m2022-10-12 10:24:11,232[0m] {[34mscheduler_job.py:[0m347} INFO[0m - 2 tasks up for execution:
	<TaskInstance: csc_ops_update.get_data_list manual__2022-10-12T02:24:10.595368+00:00 [scheduled]>
	<TaskInstance: csc_ops_update.get_table_list manual__2022-10-12T02:24:10.595368+00:00 [scheduled]>[0m
[[34m2022-10-12 10:24:11,232[0m] {[34mscheduler_job.py:[0m412} INFO[0m - DAG csc_ops_update has 0/16 running and queued tasks[0m
[[34m2022-10-12 10:24:11,232[0m] {[34mscheduler_job.py:[0m412} INFO[0m - DAG csc_ops_update has 1/16 running and queued tasks[0m
[[34m2022-10-12 10:24:11,232[0m] {[34mscheduler_job.py:[0m498} INFO[0m - Setting the following tasks to queued state:
	<TaskInstance: csc_ops_update.get_data_list manual__2022-10-12T02:24:10.595368+00:00 [scheduled]>
	<TaskInstance: csc_ops_update.get_table_list manual__2022-10-12T02:24:10.595368+00:00 [scheduled]>[0m
[[34m2022-10-12 10:24:11,234[0m] {[34mscheduler_job.py:[0m537} INFO[0m - Sending TaskInstanceKey(dag_id='csc_ops_update', task_id='get_data_list', run_id='manual__2022-10-12T02:24:10.595368+00:00', try_number=1, map_index=-1) to executor with priority 3 and queue default[0m
[[34m2022-10-12 10:24:11,234[0m] {[34mbase_executor.py:[0m95} INFO[0m - Adding to queue: ['airflow', 'tasks', 'run', 'csc_ops_update', 'get_data_list', 'manual__2022-10-12T02:24:10.595368+00:00', '--local', '--subdir', 'DAGS_FOLDER/zirui_dag/csc_ops_update.py'][0m
[[34m2022-10-12 10:24:11,234[0m] {[34mscheduler_job.py:[0m537} INFO[0m - Sending TaskInstanceKey(dag_id='csc_ops_update', task_id='get_table_list', run_id='manual__2022-10-12T02:24:10.595368+00:00', try_number=1, map_index=-1) to executor with priority 3 and queue default[0m
[[34m2022-10-12 10:24:11,234[0m] {[34mbase_executor.py:[0m95} INFO[0m - Adding to queue: ['airflow', 'tasks', 'run', 'csc_ops_update', 'get_table_list', 'manual__2022-10-12T02:24:10.595368+00:00', '--local', '--subdir', 'DAGS_FOLDER/zirui_dag/csc_ops_update.py'][0m
[[34m2022-10-12 10:24:11,237[0m] {[34mlocal_executor.py:[0m81} INFO[0m - QueuedLocalWorker running ['airflow', 'tasks', 'run', 'csc_ops_update', 'get_data_list', 'manual__2022-10-12T02:24:10.595368+00:00', '--local', '--subdir', 'DAGS_FOLDER/zirui_dag/csc_ops_update.py'][0m
[[34m2022-10-12 10:24:11,238[0m] {[34mlocal_executor.py:[0m81} INFO[0m - QueuedLocalWorker running ['airflow', 'tasks', 'run', 'csc_ops_update', 'get_table_list', 'manual__2022-10-12T02:24:10.595368+00:00', '--local', '--subdir', 'DAGS_FOLDER/zirui_dag/csc_ops_update.py'][0m
[[34m2022-10-12 10:24:11,366[0m] {[34mtask_command.py:[0m384} INFO[0m - Running <TaskInstance: csc_ops_update.get_data_list manual__2022-10-12T02:24:10.595368+00:00 [queued]> on host administrator-OptiPlex-7090[0m
[[34m2022-10-12 10:24:11,366[0m] {[34mtask_command.py:[0m384} INFO[0m - Running <TaskInstance: csc_ops_update.get_table_list manual__2022-10-12T02:24:10.595368+00:00 [queued]> on host administrator-OptiPlex-7090[0m
[[34m2022-10-12 10:24:11,997[0m] {[34mscheduler_job.py:[0m347} INFO[0m - 4 tasks up for execution:
	<TaskInstance: csc_ops_update.extract_sql_by_table manual__2022-10-12T02:24:10.595368+00:00 map_index=0 [scheduled]>
	<TaskInstance: csc_ops_update.extract_sql_by_table manual__2022-10-12T02:24:10.595368+00:00 map_index=1 [scheduled]>
	<TaskInstance: csc_ops_update.extract_sql_by_table manual__2022-10-12T02:24:10.595368+00:00 map_index=2 [scheduled]>
	<TaskInstance: csc_ops_update.extract_sql_by_table manual__2022-10-12T02:24:10.595368+00:00 map_index=3 [scheduled]>[0m
[[34m2022-10-12 10:24:11,997[0m] {[34mscheduler_job.py:[0m412} INFO[0m - DAG csc_ops_update has 0/16 running and queued tasks[0m
[[34m2022-10-12 10:24:11,997[0m] {[34mscheduler_job.py:[0m412} INFO[0m - DAG csc_ops_update has 1/16 running and queued tasks[0m
[[34m2022-10-12 10:24:11,997[0m] {[34mscheduler_job.py:[0m412} INFO[0m - DAG csc_ops_update has 2/16 running and queued tasks[0m
[[34m2022-10-12 10:24:11,997[0m] {[34mscheduler_job.py:[0m412} INFO[0m - DAG csc_ops_update has 3/16 running and queued tasks[0m
[[34m2022-10-12 10:24:11,997[0m] {[34mscheduler_job.py:[0m498} INFO[0m - Setting the following tasks to queued state:
	<TaskInstance: csc_ops_update.extract_sql_by_table manual__2022-10-12T02:24:10.595368+00:00 map_index=0 [scheduled]>
	<TaskInstance: csc_ops_update.extract_sql_by_table manual__2022-10-12T02:24:10.595368+00:00 map_index=1 [scheduled]>
	<TaskInstance: csc_ops_update.extract_sql_by_table manual__2022-10-12T02:24:10.595368+00:00 map_index=2 [scheduled]>
	<TaskInstance: csc_ops_update.extract_sql_by_table manual__2022-10-12T02:24:10.595368+00:00 map_index=3 [scheduled]>[0m
[[34m2022-10-12 10:24:11,998[0m] {[34mscheduler_job.py:[0m537} INFO[0m - Sending TaskInstanceKey(dag_id='csc_ops_update', task_id='extract_sql_by_table', run_id='manual__2022-10-12T02:24:10.595368+00:00', try_number=1, map_index=0) to executor with priority 2 and queue default[0m
[[34m2022-10-12 10:24:11,998[0m] {[34mbase_executor.py:[0m95} INFO[0m - Adding to queue: ['airflow', 'tasks', 'run', 'csc_ops_update', 'extract_sql_by_table', 'manual__2022-10-12T02:24:10.595368+00:00', '--local', '--subdir', 'DAGS_FOLDER/zirui_dag/csc_ops_update.py', '--map-index', '0'][0m
[[34m2022-10-12 10:24:11,999[0m] {[34mscheduler_job.py:[0m537} INFO[0m - Sending TaskInstanceKey(dag_id='csc_ops_update', task_id='extract_sql_by_table', run_id='manual__2022-10-12T02:24:10.595368+00:00', try_number=1, map_index=1) to executor with priority 2 and queue default[0m
[[34m2022-10-12 10:24:11,999[0m] {[34mbase_executor.py:[0m95} INFO[0m - Adding to queue: ['airflow', 'tasks', 'run', 'csc_ops_update', 'extract_sql_by_table', 'manual__2022-10-12T02:24:10.595368+00:00', '--local', '--subdir', 'DAGS_FOLDER/zirui_dag/csc_ops_update.py', '--map-index', '1'][0m
[[34m2022-10-12 10:24:11,999[0m] {[34mscheduler_job.py:[0m537} INFO[0m - Sending TaskInstanceKey(dag_id='csc_ops_update', task_id='extract_sql_by_table', run_id='manual__2022-10-12T02:24:10.595368+00:00', try_number=1, map_index=2) to executor with priority 2 and queue default[0m
[[34m2022-10-12 10:24:11,999[0m] {[34mbase_executor.py:[0m95} INFO[0m - Adding to queue: ['airflow', 'tasks', 'run', 'csc_ops_update', 'extract_sql_by_table', 'manual__2022-10-12T02:24:10.595368+00:00', '--local', '--subdir', 'DAGS_FOLDER/zirui_dag/csc_ops_update.py', '--map-index', '2'][0m
[[34m2022-10-12 10:24:11,999[0m] {[34mscheduler_job.py:[0m537} INFO[0m - Sending TaskInstanceKey(dag_id='csc_ops_update', task_id='extract_sql_by_table', run_id='manual__2022-10-12T02:24:10.595368+00:00', try_number=1, map_index=3) to executor with priority 2 and queue default[0m
[[34m2022-10-12 10:24:11,999[0m] {[34mbase_executor.py:[0m95} INFO[0m - Adding to queue: ['airflow', 'tasks', 'run', 'csc_ops_update', 'extract_sql_by_table', 'manual__2022-10-12T02:24:10.595368+00:00', '--local', '--subdir', 'DAGS_FOLDER/zirui_dag/csc_ops_update.py', '--map-index', '3'][0m
[[34m2022-10-12 10:24:12,002[0m] {[34mlocal_executor.py:[0m81} INFO[0m - QueuedLocalWorker running ['airflow', 'tasks', 'run', 'csc_ops_update', 'extract_sql_by_table', 'manual__2022-10-12T02:24:10.595368+00:00', '--local', '--subdir', 'DAGS_FOLDER/zirui_dag/csc_ops_update.py', '--map-index', '0'][0m
[[34m2022-10-12 10:24:12,002[0m] {[34mlocal_executor.py:[0m81} INFO[0m - QueuedLocalWorker running ['airflow', 'tasks', 'run', 'csc_ops_update', 'extract_sql_by_table', 'manual__2022-10-12T02:24:10.595368+00:00', '--local', '--subdir', 'DAGS_FOLDER/zirui_dag/csc_ops_update.py', '--map-index', '1'][0m
[[34m2022-10-12 10:24:12,002[0m] {[34mlocal_executor.py:[0m81} INFO[0m - QueuedLocalWorker running ['airflow', 'tasks', 'run', 'csc_ops_update', 'extract_sql_by_table', 'manual__2022-10-12T02:24:10.595368+00:00', '--local', '--subdir', 'DAGS_FOLDER/zirui_dag/csc_ops_update.py', '--map-index', '2'][0m
[[34m2022-10-12 10:24:12,002[0m] {[34mlocal_executor.py:[0m81} INFO[0m - QueuedLocalWorker running ['airflow', 'tasks', 'run', 'csc_ops_update', 'extract_sql_by_table', 'manual__2022-10-12T02:24:10.595368+00:00', '--local', '--subdir', 'DAGS_FOLDER/zirui_dag/csc_ops_update.py', '--map-index', '3'][0m
[[34m2022-10-12 10:24:12,002[0m] {[34mscheduler_job.py:[0m589} INFO[0m - Executor reports execution of csc_ops_update.get_table_list run_id=manual__2022-10-12T02:24:10.595368+00:00 exited with status success for try_number 1[0m
[[34m2022-10-12 10:24:12,002[0m] {[34mscheduler_job.py:[0m589} INFO[0m - Executor reports execution of csc_ops_update.get_data_list run_id=manual__2022-10-12T02:24:10.595368+00:00 exited with status success for try_number 1[0m
[[34m2022-10-12 10:24:12,008[0m] {[34mscheduler_job.py:[0m632} INFO[0m - TaskInstance Finished: dag_id=csc_ops_update, task_id=get_data_list, run_id=manual__2022-10-12T02:24:10.595368+00:00, map_index=-1, run_start_date=2022-10-12 02:24:11.420695+00:00, run_end_date=2022-10-12 02:24:11.714874+00:00, run_duration=0.294179, state=success, executor_state=success, try_number=1, max_tries=0, job_id=23382, pool=default_pool, queue=default, priority_weight=3, operator=_PythonDecoratedOperator, queued_dttm=2022-10-12 02:24:11.233181+00:00, queued_by_job_id=23380, pid=569877[0m
[[34m2022-10-12 10:24:12,008[0m] {[34mscheduler_job.py:[0m632} INFO[0m - TaskInstance Finished: dag_id=csc_ops_update, task_id=get_table_list, run_id=manual__2022-10-12T02:24:10.595368+00:00, map_index=-1, run_start_date=2022-10-12 02:24:11.412167+00:00, run_end_date=2022-10-12 02:24:11.708085+00:00, run_duration=0.295918, state=success, executor_state=success, try_number=1, max_tries=0, job_id=23381, pool=default_pool, queue=default, priority_weight=3, operator=_PythonDecoratedOperator, queued_dttm=2022-10-12 02:24:11.233181+00:00, queued_by_job_id=23380, pid=569876[0m
[[34m2022-10-12 10:24:12,138[0m] {[34mtask_command.py:[0m384} INFO[0m - Running <TaskInstance: csc_ops_update.extract_sql_by_table manual__2022-10-12T02:24:10.595368+00:00 map_index=3 [queued]> on host administrator-OptiPlex-7090[0m
[[34m2022-10-12 10:24:12,141[0m] {[34mtask_command.py:[0m384} INFO[0m - Running <TaskInstance: csc_ops_update.extract_sql_by_table manual__2022-10-12T02:24:10.595368+00:00 map_index=1 [queued]> on host administrator-OptiPlex-7090[0m
[[34m2022-10-12 10:24:12,141[0m] {[34mtask_command.py:[0m384} INFO[0m - Running <TaskInstance: csc_ops_update.extract_sql_by_table manual__2022-10-12T02:24:10.595368+00:00 map_index=0 [queued]> on host administrator-OptiPlex-7090[0m
[[34m2022-10-12 10:24:12,145[0m] {[34mtask_command.py:[0m384} INFO[0m - Running <TaskInstance: csc_ops_update.extract_sql_by_table manual__2022-10-12T02:24:10.595368+00:00 map_index=2 [queued]> on host administrator-OptiPlex-7090[0m
[[34m2022-10-12 10:24:13,085[0m] {[34mscheduler_job.py:[0m347} INFO[0m - 4 tasks up for execution:
	<TaskInstance: csc_ops_update.load_sql_query manual__2022-10-12T02:24:10.595368+00:00 map_index=0 [scheduled]>
	<TaskInstance: csc_ops_update.load_sql_query manual__2022-10-12T02:24:10.595368+00:00 map_index=1 [scheduled]>
	<TaskInstance: csc_ops_update.load_sql_query manual__2022-10-12T02:24:10.595368+00:00 map_index=2 [scheduled]>
	<TaskInstance: csc_ops_update.load_sql_query manual__2022-10-12T02:24:10.595368+00:00 map_index=3 [scheduled]>[0m
[[34m2022-10-12 10:24:13,085[0m] {[34mscheduler_job.py:[0m412} INFO[0m - DAG csc_ops_update has 0/16 running and queued tasks[0m
[[34m2022-10-12 10:24:13,085[0m] {[34mscheduler_job.py:[0m412} INFO[0m - DAG csc_ops_update has 1/16 running and queued tasks[0m
[[34m2022-10-12 10:24:13,085[0m] {[34mscheduler_job.py:[0m412} INFO[0m - DAG csc_ops_update has 2/16 running and queued tasks[0m
[[34m2022-10-12 10:24:13,085[0m] {[34mscheduler_job.py:[0m412} INFO[0m - DAG csc_ops_update has 3/16 running and queued tasks[0m
[[34m2022-10-12 10:24:13,085[0m] {[34mscheduler_job.py:[0m498} INFO[0m - Setting the following tasks to queued state:
	<TaskInstance: csc_ops_update.load_sql_query manual__2022-10-12T02:24:10.595368+00:00 map_index=0 [scheduled]>
	<TaskInstance: csc_ops_update.load_sql_query manual__2022-10-12T02:24:10.595368+00:00 map_index=1 [scheduled]>
	<TaskInstance: csc_ops_update.load_sql_query manual__2022-10-12T02:24:10.595368+00:00 map_index=2 [scheduled]>
	<TaskInstance: csc_ops_update.load_sql_query manual__2022-10-12T02:24:10.595368+00:00 map_index=3 [scheduled]>[0m
[[34m2022-10-12 10:24:13,086[0m] {[34mscheduler_job.py:[0m537} INFO[0m - Sending TaskInstanceKey(dag_id='csc_ops_update', task_id='load_sql_query', run_id='manual__2022-10-12T02:24:10.595368+00:00', try_number=1, map_index=0) to executor with priority 1 and queue default[0m
[[34m2022-10-12 10:24:13,087[0m] {[34mbase_executor.py:[0m95} INFO[0m - Adding to queue: ['airflow', 'tasks', 'run', 'csc_ops_update', 'load_sql_query', 'manual__2022-10-12T02:24:10.595368+00:00', '--local', '--subdir', 'DAGS_FOLDER/zirui_dag/csc_ops_update.py', '--map-index', '0'][0m
[[34m2022-10-12 10:24:13,087[0m] {[34mscheduler_job.py:[0m537} INFO[0m - Sending TaskInstanceKey(dag_id='csc_ops_update', task_id='load_sql_query', run_id='manual__2022-10-12T02:24:10.595368+00:00', try_number=1, map_index=1) to executor with priority 1 and queue default[0m
[[34m2022-10-12 10:24:13,087[0m] {[34mbase_executor.py:[0m95} INFO[0m - Adding to queue: ['airflow', 'tasks', 'run', 'csc_ops_update', 'load_sql_query', 'manual__2022-10-12T02:24:10.595368+00:00', '--local', '--subdir', 'DAGS_FOLDER/zirui_dag/csc_ops_update.py', '--map-index', '1'][0m
[[34m2022-10-12 10:24:13,087[0m] {[34mscheduler_job.py:[0m537} INFO[0m - Sending TaskInstanceKey(dag_id='csc_ops_update', task_id='load_sql_query', run_id='manual__2022-10-12T02:24:10.595368+00:00', try_number=1, map_index=2) to executor with priority 1 and queue default[0m
[[34m2022-10-12 10:24:13,087[0m] {[34mbase_executor.py:[0m95} INFO[0m - Adding to queue: ['airflow', 'tasks', 'run', 'csc_ops_update', 'load_sql_query', 'manual__2022-10-12T02:24:10.595368+00:00', '--local', '--subdir', 'DAGS_FOLDER/zirui_dag/csc_ops_update.py', '--map-index', '2'][0m
[[34m2022-10-12 10:24:13,087[0m] {[34mscheduler_job.py:[0m537} INFO[0m - Sending TaskInstanceKey(dag_id='csc_ops_update', task_id='load_sql_query', run_id='manual__2022-10-12T02:24:10.595368+00:00', try_number=1, map_index=3) to executor with priority 1 and queue default[0m
[[34m2022-10-12 10:24:13,087[0m] {[34mbase_executor.py:[0m95} INFO[0m - Adding to queue: ['airflow', 'tasks', 'run', 'csc_ops_update', 'load_sql_query', 'manual__2022-10-12T02:24:10.595368+00:00', '--local', '--subdir', 'DAGS_FOLDER/zirui_dag/csc_ops_update.py', '--map-index', '3'][0m
[[34m2022-10-12 10:24:13,090[0m] {[34mlocal_executor.py:[0m81} INFO[0m - QueuedLocalWorker running ['airflow', 'tasks', 'run', 'csc_ops_update', 'load_sql_query', 'manual__2022-10-12T02:24:10.595368+00:00', '--local', '--subdir', 'DAGS_FOLDER/zirui_dag/csc_ops_update.py', '--map-index', '0'][0m
[[34m2022-10-12 10:24:13,090[0m] {[34mlocal_executor.py:[0m81} INFO[0m - QueuedLocalWorker running ['airflow', 'tasks', 'run', 'csc_ops_update', 'load_sql_query', 'manual__2022-10-12T02:24:10.595368+00:00', '--local', '--subdir', 'DAGS_FOLDER/zirui_dag/csc_ops_update.py', '--map-index', '1'][0m
[[34m2022-10-12 10:24:13,090[0m] {[34mlocal_executor.py:[0m81} INFO[0m - QueuedLocalWorker running ['airflow', 'tasks', 'run', 'csc_ops_update', 'load_sql_query', 'manual__2022-10-12T02:24:10.595368+00:00', '--local', '--subdir', 'DAGS_FOLDER/zirui_dag/csc_ops_update.py', '--map-index', '3'][0m
[[34m2022-10-12 10:24:13,090[0m] {[34mlocal_executor.py:[0m81} INFO[0m - QueuedLocalWorker running ['airflow', 'tasks', 'run', 'csc_ops_update', 'load_sql_query', 'manual__2022-10-12T02:24:10.595368+00:00', '--local', '--subdir', 'DAGS_FOLDER/zirui_dag/csc_ops_update.py', '--map-index', '2'][0m
[[34m2022-10-12 10:24:13,090[0m] {[34mscheduler_job.py:[0m589} INFO[0m - Executor reports execution of csc_ops_update.extract_sql_by_table run_id=manual__2022-10-12T02:24:10.595368+00:00 exited with status success for try_number 1[0m
[[34m2022-10-12 10:24:13,090[0m] {[34mscheduler_job.py:[0m589} INFO[0m - Executor reports execution of csc_ops_update.extract_sql_by_table run_id=manual__2022-10-12T02:24:10.595368+00:00 exited with status success for try_number 1[0m
[[34m2022-10-12 10:24:13,090[0m] {[34mscheduler_job.py:[0m589} INFO[0m - Executor reports execution of csc_ops_update.extract_sql_by_table run_id=manual__2022-10-12T02:24:10.595368+00:00 exited with status success for try_number 1[0m
[[34m2022-10-12 10:24:13,090[0m] {[34mscheduler_job.py:[0m589} INFO[0m - Executor reports execution of csc_ops_update.extract_sql_by_table run_id=manual__2022-10-12T02:24:10.595368+00:00 exited with status success for try_number 1[0m
[[34m2022-10-12 10:24:13,096[0m] {[34mscheduler_job.py:[0m632} INFO[0m - TaskInstance Finished: dag_id=csc_ops_update, task_id=extract_sql_by_table, run_id=manual__2022-10-12T02:24:10.595368+00:00, map_index=0, run_start_date=2022-10-12 02:24:12.193608+00:00, run_end_date=2022-10-12 02:24:12.637696+00:00, run_duration=0.444088, state=success, executor_state=success, try_number=1, max_tries=0, job_id=23385, pool=default_pool, queue=default, priority_weight=2, operator=_PythonDecoratedOperator, queued_dttm=2022-10-12 02:24:11.997680+00:00, queued_by_job_id=23380, pid=569984[0m
[[34m2022-10-12 10:24:13,097[0m] {[34mscheduler_job.py:[0m632} INFO[0m - TaskInstance Finished: dag_id=csc_ops_update, task_id=extract_sql_by_table, run_id=manual__2022-10-12T02:24:10.595368+00:00, map_index=1, run_start_date=2022-10-12 02:24:12.194360+00:00, run_end_date=2022-10-12 02:24:12.635325+00:00, run_duration=0.440965, state=success, executor_state=success, try_number=1, max_tries=0, job_id=23384, pool=default_pool, queue=default, priority_weight=2, operator=_PythonDecoratedOperator, queued_dttm=2022-10-12 02:24:11.997680+00:00, queued_by_job_id=23380, pid=569982[0m
[[34m2022-10-12 10:24:13,097[0m] {[34mscheduler_job.py:[0m632} INFO[0m - TaskInstance Finished: dag_id=csc_ops_update, task_id=extract_sql_by_table, run_id=manual__2022-10-12T02:24:10.595368+00:00, map_index=2, run_start_date=2022-10-12 02:24:12.194763+00:00, run_end_date=2022-10-12 02:24:12.647577+00:00, run_duration=0.452814, state=success, executor_state=success, try_number=1, max_tries=0, job_id=23386, pool=default_pool, queue=default, priority_weight=2, operator=_PythonDecoratedOperator, queued_dttm=2022-10-12 02:24:11.997680+00:00, queued_by_job_id=23380, pid=569983[0m
[[34m2022-10-12 10:24:13,097[0m] {[34mscheduler_job.py:[0m632} INFO[0m - TaskInstance Finished: dag_id=csc_ops_update, task_id=extract_sql_by_table, run_id=manual__2022-10-12T02:24:10.595368+00:00, map_index=3, run_start_date=2022-10-12 02:24:12.206925+00:00, run_end_date=2022-10-12 02:24:12.657754+00:00, run_duration=0.450829, state=success, executor_state=success, try_number=1, max_tries=0, job_id=23383, pool=default_pool, queue=default, priority_weight=2, operator=_PythonDecoratedOperator, queued_dttm=2022-10-12 02:24:11.997680+00:00, queued_by_job_id=23380, pid=569988[0m
[[34m2022-10-12 10:24:13,220[0m] {[34mtask_command.py:[0m384} INFO[0m - Running <TaskInstance: csc_ops_update.load_sql_query manual__2022-10-12T02:24:10.595368+00:00 map_index=2 [queued]> on host administrator-OptiPlex-7090[0m
[[34m2022-10-12 10:24:13,239[0m] {[34mtask_command.py:[0m384} INFO[0m - Running <TaskInstance: csc_ops_update.load_sql_query manual__2022-10-12T02:24:10.595368+00:00 map_index=1 [queued]> on host administrator-OptiPlex-7090[0m
[[34m2022-10-12 10:24:13,240[0m] {[34mtask_command.py:[0m384} INFO[0m - Running <TaskInstance: csc_ops_update.load_sql_query manual__2022-10-12T02:24:10.595368+00:00 map_index=3 [queued]> on host administrator-OptiPlex-7090[0m
[[34m2022-10-12 10:24:13,242[0m] {[34mtask_command.py:[0m384} INFO[0m - Running <TaskInstance: csc_ops_update.load_sql_query manual__2022-10-12T02:24:10.595368+00:00 map_index=0 [queued]> on host administrator-OptiPlex-7090[0m
[[34m2022-10-12 10:24:14,158[0m] {[34mdagrun.py:[0m597} INFO[0m - Marking run <DagRun csc_ops_update @ 2022-10-12 02:24:10.595368+00:00: manual__2022-10-12T02:24:10.595368+00:00, state:running, queued_at: 2022-10-12 02:24:10.610081+00:00. externally triggered: True> successful[0m
[[34m2022-10-12 10:24:14,159[0m] {[34mdagrun.py:[0m644} INFO[0m - DagRun Finished: dag_id=csc_ops_update, execution_date=2022-10-12 02:24:10.595368+00:00, run_id=manual__2022-10-12T02:24:10.595368+00:00, run_start_date=2022-10-12 02:24:11.206044+00:00, run_end_date=2022-10-12 02:24:14.159016+00:00, run_duration=2.952972, state=success, external_trigger=True, run_type=manual, data_interval_start=2022-10-12 02:24:10.595368+00:00, data_interval_end=2022-10-12 02:24:10.595368+00:00, dag_hash=b42781936c4c4ec2206441d50f863caf[0m
[[34m2022-10-12 10:24:14,161[0m] {[34mdag.py:[0m3324} INFO[0m - Setting next_dagrun for csc_ops_update to None, run_after=None[0m
[[34m2022-10-12 10:24:14,168[0m] {[34mscheduler_job.py:[0m589} INFO[0m - Executor reports execution of csc_ops_update.load_sql_query run_id=manual__2022-10-12T02:24:10.595368+00:00 exited with status success for try_number 1[0m
[[34m2022-10-12 10:24:14,168[0m] {[34mscheduler_job.py:[0m589} INFO[0m - Executor reports execution of csc_ops_update.load_sql_query run_id=manual__2022-10-12T02:24:10.595368+00:00 exited with status success for try_number 1[0m
[[34m2022-10-12 10:24:14,168[0m] {[34mscheduler_job.py:[0m589} INFO[0m - Executor reports execution of csc_ops_update.load_sql_query run_id=manual__2022-10-12T02:24:10.595368+00:00 exited with status success for try_number 1[0m
[[34m2022-10-12 10:24:14,168[0m] {[34mscheduler_job.py:[0m589} INFO[0m - Executor reports execution of csc_ops_update.load_sql_query run_id=manual__2022-10-12T02:24:10.595368+00:00 exited with status success for try_number 1[0m
[[34m2022-10-12 10:24:14,170[0m] {[34mscheduler_job.py:[0m632} INFO[0m - TaskInstance Finished: dag_id=csc_ops_update, task_id=load_sql_query, run_id=manual__2022-10-12T02:24:10.595368+00:00, map_index=0, run_start_date=2022-10-12 02:24:13.309332+00:00, run_end_date=2022-10-12 02:24:13.996744+00:00, run_duration=0.687412, state=success, executor_state=success, try_number=1, max_tries=0, job_id=23390, pool=default_pool, queue=default, priority_weight=1, operator=_PythonDecoratedOperator, queued_dttm=2022-10-12 02:24:13.085728+00:00, queued_by_job_id=23380, pid=570130[0m
[[34m2022-10-12 10:24:14,170[0m] {[34mscheduler_job.py:[0m632} INFO[0m - TaskInstance Finished: dag_id=csc_ops_update, task_id=load_sql_query, run_id=manual__2022-10-12T02:24:10.595368+00:00, map_index=1, run_start_date=2022-10-12 02:24:13.309323+00:00, run_end_date=2022-10-12 02:24:14.015855+00:00, run_duration=0.706532, state=success, executor_state=success, try_number=1, max_tries=0, job_id=23388, pool=default_pool, queue=default, priority_weight=1, operator=_PythonDecoratedOperator, queued_dttm=2022-10-12 02:24:13.085728+00:00, queued_by_job_id=23380, pid=570131[0m
[[34m2022-10-12 10:24:14,170[0m] {[34mscheduler_job.py:[0m632} INFO[0m - TaskInstance Finished: dag_id=csc_ops_update, task_id=load_sql_query, run_id=manual__2022-10-12T02:24:10.595368+00:00, map_index=2, run_start_date=2022-10-12 02:24:13.274410+00:00, run_end_date=2022-10-12 02:24:13.975268+00:00, run_duration=0.700858, state=success, executor_state=success, try_number=1, max_tries=0, job_id=23387, pool=default_pool, queue=default, priority_weight=1, operator=_PythonDecoratedOperator, queued_dttm=2022-10-12 02:24:13.085728+00:00, queued_by_job_id=23380, pid=570127[0m
[[34m2022-10-12 10:24:14,171[0m] {[34mscheduler_job.py:[0m632} INFO[0m - TaskInstance Finished: dag_id=csc_ops_update, task_id=load_sql_query, run_id=manual__2022-10-12T02:24:10.595368+00:00, map_index=3, run_start_date=2022-10-12 02:24:13.294055+00:00, run_end_date=2022-10-12 02:24:13.999018+00:00, run_duration=0.704963, state=success, executor_state=success, try_number=1, max_tries=0, job_id=23389, pool=default_pool, queue=default, priority_weight=1, operator=_PythonDecoratedOperator, queued_dttm=2022-10-12 02:24:13.085728+00:00, queued_by_job_id=23380, pid=570129[0m
[[34m2022-10-12 10:24:38,803[0m] {[34mscheduler_job.py:[0m1369} INFO[0m - Resetting orphaned tasks for active dag runs[0m
[[34m2022-10-12 10:29:38,829[0m] {[34mscheduler_job.py:[0m1369} INFO[0m - Resetting orphaned tasks for active dag runs[0m
